<?xml version="1.0" encoding="UTF-8"?>
<testsuite name="com.hwv1.todo.BackendApplicationTests" tests="1" skipped="0" failures="0" errors="0" timestamp="2025-07-01T01:58:10.140Z" hostname="Sngsuu-M1-Pro.local" time="0.288">
  <properties/>
  <testcase name="contextLoads()" classname="com.hwv1.todo.BackendApplicationTests" time="0.288"/>
  <system-out><![CDATA[10:58:08.360 [Test worker] INFO org.springframework.test.context.support.AnnotationConfigContextLoaderUtils -- Could not detect default configuration classes for test class [com.hwv1.todo.BackendApplicationTests]: BackendApplicationTests does not declare any static, non-private, non-final, nested classes annotated with @Configuration.
10:58:08.399 [Test worker] INFO org.springframework.boot.test.context.SpringBootTestContextBootstrapper -- Found @SpringBootConfiguration com.hwv1.todo.BackendApplication for test class com.hwv1.todo.BackendApplicationTests

  .   ____          _            __ _ _
 /\\ / ___'_ __ _ _(_)_ __  __ _ \ \ \ \
( ( )\___ | '_ | '_| | '_ \/ _` | \ \ \ \
 \\/  ___)| |_)| | | | | || (_| |  ) ) ) )
  '  |____| .__|_| |_|_| |_\__, | / / / /
 =========|_|==============|___/=/_/_/_/
 :: Spring Boot ::                (v3.2.5)

2025-07-01T10:58:08.581+09:00  INFO 57278 --- [    Test worker] com.hwv1.todo.BackendApplicationTests    : Starting BackendApplicationTests using Java 17.0.15 with PID 57278 (started by sngsuu in /Users/sngsuu/Documents/workspace/HWV1/todo-app/backend)
2025-07-01T10:58:08.582+09:00  INFO 57278 --- [    Test worker] com.hwv1.todo.BackendApplicationTests    : No active profile set, falling back to 1 default profile: "default"
2025-07-01T10:58:08.594+09:00 DEBUG 57278 --- [    Test worker] o.s.w.c.s.GenericWebApplicationContext   : Refreshing org.springframework.web.context.support.GenericWebApplicationContext@4784013e
2025-07-01T10:58:08.938+09:00  INFO 57278 --- [    Test worker] .s.d.r.c.RepositoryConfigurationDelegate : Bootstrapping Spring Data JPA repositories in DEFAULT mode.
2025-07-01T10:58:08.965+09:00  INFO 57278 --- [    Test worker] .s.d.r.c.RepositoryConfigurationDelegate : Finished Spring Data repository scanning in 22 ms. Found 1 JPA repository interface.
2025-07-01T10:58:09.161+09:00  INFO 57278 --- [    Test worker] o.hibernate.jpa.internal.util.LogHelper  : HHH000204: Processing PersistenceUnitInfo [name: default]
2025-07-01T10:58:09.183+09:00  INFO 57278 --- [    Test worker] org.hibernate.Version                    : HHH000412: Hibernate ORM core version 6.4.4.Final
2025-07-01T10:58:09.197+09:00  INFO 57278 --- [    Test worker] o.h.c.internal.RegionFactoryInitiator    : HHH000026: Second-level cache disabled
2025-07-01T10:58:09.292+09:00  INFO 57278 --- [    Test worker] o.s.o.j.p.SpringPersistenceUnitInfo      : No LoadTimeWeaver setup: ignoring JPA class transformer
2025-07-01T10:58:09.302+09:00  INFO 57278 --- [    Test worker] com.zaxxer.hikari.HikariDataSource       : HikariPool-1 - Starting...
2025-07-01T10:58:09.380+09:00  INFO 57278 --- [    Test worker] com.zaxxer.hikari.pool.HikariPool        : HikariPool-1 - Added connection conn0: url=jdbc:h2:mem:todo-db user=SA
2025-07-01T10:58:09.380+09:00  INFO 57278 --- [    Test worker] com.zaxxer.hikari.HikariDataSource       : HikariPool-1 - Start completed.
2025-07-01T10:58:09.705+09:00  INFO 57278 --- [    Test worker] o.h.e.t.j.p.i.JtaPlatformInitiator       : HHH000489: No JTA platform available (set 'hibernate.transaction.jta.platform' to enable JTA platform integration)
Hibernate: 
    create table todo (
        id bigint generated by default as identity,
        completed boolean not null,
        title varchar(255),
        primary key (id)
    )
2025-07-01T10:58:09.729+09:00  INFO 57278 --- [    Test worker] j.LocalContainerEntityManagerFactoryBean : Initialized JPA EntityManagerFactory for persistence unit 'default'
2025-07-01T10:58:09.921+09:00  WARN 57278 --- [    Test worker] JpaBaseConfiguration$JpaWebConfiguration : spring.jpa.open-in-view is enabled by default. Therefore, database queries may be performed during view rendering. Explicitly configure spring.jpa.open-in-view to disable this warning
2025-07-01T10:58:09.970+09:00 DEBUG 57278 --- [    Test worker] s.w.s.m.m.a.RequestMappingHandlerMapping : 10 mappings in 'requestMappingHandlerMapping'
2025-07-01T10:58:10.021+09:00 DEBUG 57278 --- [    Test worker] o.s.w.s.handler.SimpleUrlHandlerMapping  : Patterns [/webjars/**, /**, /swagger-ui*/*swagger-initializer.js, /swagger-ui*/**] in 'resourceHandlerMapping'
2025-07-01T10:58:10.042+09:00 DEBUG 57278 --- [    Test worker] s.w.s.m.m.a.RequestMappingHandlerAdapter : ControllerAdvice beans: 0 @ModelAttribute, 0 @InitBinder, 1 RequestBodyAdvice, 1 ResponseBodyAdvice
2025-07-01T10:58:10.057+09:00 DEBUG 57278 --- [    Test worker] .m.m.a.ExceptionHandlerExceptionResolver : ControllerAdvice beans: 2 @ExceptionHandler, 1 ResponseBodyAdvice
2025-07-01T10:58:10.102+09:00  INFO 57278 --- [    Test worker] o.s.b.a.h2.H2ConsoleAutoConfiguration    : H2 console available at '/h2-console'. Database available at 'jdbc:h2:mem:todo-db'
2025-07-01T10:58:10.134+09:00  INFO 57278 --- [    Test worker] com.hwv1.todo.BackendApplicationTests    : Started BackendApplicationTests in 1.676 seconds (process running for 2.117)
]]></system-out>
  <system-err><![CDATA[]]></system-err>
</testsuite>
